INFO - 2023-11-10 19:56:08 --> Session: Class initialized using 'CodeIgniter\Session\Handlers\FileHandler' driver.
CRITICAL - 2023-11-10 19:56:08 --> Invalid file: "usuario/login.php"
in SYSTEMPATH/Exceptions/FrameworkException.php on line 39.
 1 SYSTEMPATH/View/View.php(214): CodeIgniter\Exceptions\FrameworkException::forInvalidFile('usuario/login.php')
 2 SYSTEMPATH/Common.php(1188): CodeIgniter\View\View->render('usuario/login', [], true)
 3 APPPATH/Controllers/UserController.php(15): view('usuario/login')
 4 SYSTEMPATH/CodeIgniter.php(919): App\Controllers\UserController->index()
 5 SYSTEMPATH/CodeIgniter.php(494): CodeIgniter\CodeIgniter->runController(Object(App\Controllers\UserController))
 6 SYSTEMPATH/CodeIgniter.php(353): CodeIgniter\CodeIgniter->handleRequest(null, Object(Config\Cache), false)
 7 FCPATH/index.php(79): CodeIgniter\CodeIgniter->run()
 8 SYSTEMPATH/Commands/Server/rewrite.php(47): require_once('/Users/reusrs/Documents/AvProyecto/public/index.php')
CRITICAL - 2023-11-10 19:56:18 --> Invalid file: "usuario/login.php"
in SYSTEMPATH/Exceptions/FrameworkException.php on line 39.
 1 SYSTEMPATH/View/View.php(214): CodeIgniter\Exceptions\FrameworkException::forInvalidFile('usuario/login.php')
 2 SYSTEMPATH/Common.php(1188): CodeIgniter\View\View->render('usuario/login', [], true)
 3 APPPATH/Controllers/UserController.php(15): view('usuario/login')
 4 SYSTEMPATH/CodeIgniter.php(919): App\Controllers\UserController->index()
 5 SYSTEMPATH/CodeIgniter.php(494): CodeIgniter\CodeIgniter->runController(Object(App\Controllers\UserController))
 6 SYSTEMPATH/CodeIgniter.php(353): CodeIgniter\CodeIgniter->handleRequest(null, Object(Config\Cache), false)
 7 FCPATH/index.php(79): CodeIgniter\CodeIgniter->run()
 8 SYSTEMPATH/Commands/Server/rewrite.php(47): require_once('/Users/reusrs/Documents/AvProyecto/public/index.php')
CRITICAL - 2023-11-10 19:57:04 --> Call to a member function findAll() on null
in APPPATH/Controllers/Estudiante.php on line 37.
 1 SYSTEMPATH/CodeIgniter.php(919): App\Controllers\Estudiante->agregar()
 2 SYSTEMPATH/CodeIgniter.php(494): CodeIgniter\CodeIgniter->runController(Object(App\Controllers\Estudiante))
 3 SYSTEMPATH/CodeIgniter.php(353): CodeIgniter\CodeIgniter->handleRequest(null, Object(Config\Cache), false)
 4 FCPATH/index.php(79): CodeIgniter\CodeIgniter->run()
 5 SYSTEMPATH/Commands/Server/rewrite.php(47): require_once('/Users/reusrs/Documents/AvProyecto/public/index.php')
CRITICAL - 2023-11-10 19:57:11 --> Call to a member function findAll() on null
in APPPATH/Controllers/Estudiante.php on line 37.
 1 SYSTEMPATH/CodeIgniter.php(919): App\Controllers\Estudiante->agregar()
 2 SYSTEMPATH/CodeIgniter.php(494): CodeIgniter\CodeIgniter->runController(Object(App\Controllers\Estudiante))
 3 SYSTEMPATH/CodeIgniter.php(353): CodeIgniter\CodeIgniter->handleRequest(null, Object(Config\Cache), false)
 4 FCPATH/index.php(79): CodeIgniter\CodeIgniter->run()
 5 SYSTEMPATH/Commands/Server/rewrite.php(47): require_once('/Users/reusrs/Documents/AvProyecto/public/index.php')
