CRITICAL - 2023-11-16 17:39:32 --> Call to a member function like() on null
in APPPATH/Controllers/UserController.php on line 34.
 1 SYSTEMPATH/CodeIgniter.php(919): App\Controllers\UserController->index()
 2 SYSTEMPATH/CodeIgniter.php(494): CodeIgniter\CodeIgniter->runController(Object(App\Controllers\UserController))
 3 SYSTEMPATH/CodeIgniter.php(353): CodeIgniter\CodeIgniter->handleRequest(null, Object(Config\Cache), false)
 4 FCPATH/index.php(79): CodeIgniter\CodeIgniter->run()
 5 SYSTEMPATH/Commands/Server/rewrite.php(47): require_once('/Users/reusrs/Documents/AvProyecto/public/index.php')
INFO - 2023-11-16 17:56:02 --> Session: Class initialized using 'CodeIgniter\Session\Handlers\FileHandler' driver.
INFO - 2023-11-16 17:56:12 --> Session: Class initialized using 'CodeIgniter\Session\Handlers\FileHandler' driver.
CRITICAL - 2023-11-16 17:56:12 --> Undefined property: stdClass::$id
in APPPATH/Views/estudiante/mostrar.php on line 19.
 1 APPPATH/Views/estudiante/mostrar.php(19): CodeIgniter\Debug\Exceptions->errorHandler(2, 'Undefined property: stdClass::$id', '/Users/reusrs/Documents/AvProyecto/app/Views/estudiante/mostrar.php', 19)
 2 SYSTEMPATH/View/View.php(226): include('/Users/reusrs/Documents/AvProyecto/app/Views/estudiante/mostrar.php')
 3 SYSTEMPATH/View/View.php(229): CodeIgniter\View\View->CodeIgniter\View\{closure}()
 4 SYSTEMPATH/Common.php(1188): CodeIgniter\View\View->render('estudiante/mostrar', [], true)
 5 APPPATH/Controllers/Estudiante.php(28): view('estudiante/mostrar', [...])
 6 SYSTEMPATH/CodeIgniter.php(919): App\Controllers\Estudiante->mostrar()
 7 SYSTEMPATH/CodeIgniter.php(494): CodeIgniter\CodeIgniter->runController(Object(App\Controllers\Estudiante))
 8 SYSTEMPATH/CodeIgniter.php(353): CodeIgniter\CodeIgniter->handleRequest(null, Object(Config\Cache), false)
 9 FCPATH/index.php(79): CodeIgniter\CodeIgniter->run()
10 SYSTEMPATH/Commands/Server/rewrite.php(47): require_once('/Users/reusrs/Documents/AvProyecto/public/index.php')
INFO - 2023-11-16 18:01:13 --> Session: Class initialized using 'CodeIgniter\Session\Handlers\FileHandler' driver.
CRITICAL - 2023-11-16 18:01:13 --> Undefined property: stdClass::$id
in APPPATH/Views/estudiante/mostrar.php on line 19.
 1 APPPATH/Views/estudiante/mostrar.php(19): CodeIgniter\Debug\Exceptions->errorHandler(2, 'Undefined property: stdClass::$id', '/Users/reusrs/Documents/AvProyecto/app/Views/estudiante/mostrar.php', 19)
 2 SYSTEMPATH/View/View.php(226): include('/Users/reusrs/Documents/AvProyecto/app/Views/estudiante/mostrar.php')
 3 SYSTEMPATH/View/View.php(229): CodeIgniter\View\View->CodeIgniter\View\{closure}()
 4 SYSTEMPATH/Common.php(1188): CodeIgniter\View\View->render('estudiante/mostrar', [], true)
 5 APPPATH/Controllers/Estudiante.php(28): view('estudiante/mostrar', [...])
 6 SYSTEMPATH/CodeIgniter.php(919): App\Controllers\Estudiante->mostrar()
 7 SYSTEMPATH/CodeIgniter.php(494): CodeIgniter\CodeIgniter->runController(Object(App\Controllers\Estudiante))
 8 SYSTEMPATH/CodeIgniter.php(353): CodeIgniter\CodeIgniter->handleRequest(null, Object(Config\Cache), false)
 9 FCPATH/index.php(79): CodeIgniter\CodeIgniter->run()
10 SYSTEMPATH/Commands/Server/rewrite.php(47): require_once('/Users/reusrs/Documents/AvProyecto/public/index.php')
INFO - 2023-11-16 18:02:51 --> Session: Class initialized using 'CodeIgniter\Session\Handlers\FileHandler' driver.
CRITICAL - 2023-11-16 18:02:51 --> Undefined property: stdClass::$id
in APPPATH/Views/estudiante/mostrar.php on line 20.
 1 APPPATH/Views/estudiante/mostrar.php(20): CodeIgniter\Debug\Exceptions->errorHandler(2, 'Undefined property: stdClass::$id', '/Users/reusrs/Documents/AvProyecto/app/Views/estudiante/mostrar.php', 20)
 2 SYSTEMPATH/View/View.php(226): include('/Users/reusrs/Documents/AvProyecto/app/Views/estudiante/mostrar.php')
 3 SYSTEMPATH/View/View.php(229): CodeIgniter\View\View->CodeIgniter\View\{closure}()
 4 SYSTEMPATH/Common.php(1188): CodeIgniter\View\View->render('estudiante/mostrar', [], true)
 5 APPPATH/Controllers/Estudiante.php(28): view('estudiante/mostrar', [...])
 6 SYSTEMPATH/CodeIgniter.php(919): App\Controllers\Estudiante->mostrar()
 7 SYSTEMPATH/CodeIgniter.php(494): CodeIgniter\CodeIgniter->runController(Object(App\Controllers\Estudiante))
 8 SYSTEMPATH/CodeIgniter.php(353): CodeIgniter\CodeIgniter->handleRequest(null, Object(Config\Cache), false)
 9 FCPATH/index.php(79): CodeIgniter\CodeIgniter->run()
10 SYSTEMPATH/Commands/Server/rewrite.php(47): require_once('/Users/reusrs/Documents/AvProyecto/public/index.php')
INFO - 2023-11-16 18:03:10 --> Session: Class initialized using 'CodeIgniter\Session\Handlers\FileHandler' driver.
CRITICAL - 2023-11-16 18:04:33 --> Call to a member function findAll() on null
in APPPATH/Controllers/Estudiante.php on line 37.
 1 SYSTEMPATH/CodeIgniter.php(919): App\Controllers\Estudiante->agregar()
 2 SYSTEMPATH/CodeIgniter.php(494): CodeIgniter\CodeIgniter->runController(Object(App\Controllers\Estudiante))
 3 SYSTEMPATH/CodeIgniter.php(353): CodeIgniter\CodeIgniter->handleRequest(null, Object(Config\Cache), false)
 4 FCPATH/index.php(79): CodeIgniter\CodeIgniter->run()
 5 SYSTEMPATH/Commands/Server/rewrite.php(47): require_once('/Users/reusrs/Documents/AvProyecto/public/index.php')
INFO - 2023-11-16 18:04:42 --> Session: Class initialized using 'CodeIgniter\Session\Handlers\FileHandler' driver.
INFO - 2023-11-16 18:05:57 --> Session: Class initialized using 'CodeIgniter\Session\Handlers\FileHandler' driver.
INFO - 2023-11-16 18:09:13 --> Session: Class initialized using 'CodeIgniter\Session\Handlers\FileHandler' driver.
CRITICAL - 2023-11-16 18:09:20 --> Call to a member function findAll() on null
in APPPATH/Controllers/Estudiante.php on line 37.
 1 SYSTEMPATH/CodeIgniter.php(919): App\Controllers\Estudiante->agregar()
 2 SYSTEMPATH/CodeIgniter.php(494): CodeIgniter\CodeIgniter->runController(Object(App\Controllers\Estudiante))
 3 SYSTEMPATH/CodeIgniter.php(353): CodeIgniter\CodeIgniter->handleRequest(null, Object(Config\Cache), false)
 4 FCPATH/index.php(79): CodeIgniter\CodeIgniter->run()
 5 SYSTEMPATH/Commands/Server/rewrite.php(47): require_once('/Users/reusrs/Documents/AvProyecto/public/index.php')
INFO - 2023-11-16 18:12:13 --> Session: Class initialized using 'CodeIgniter\Session\Handlers\FileHandler' driver.
CRITICAL - 2023-11-16 18:12:15 --> Call to a member function findAll() on null
in APPPATH/Controllers/Estudiante.php on line 37.
 1 SYSTEMPATH/CodeIgniter.php(919): App\Controllers\Estudiante->agregar()
 2 SYSTEMPATH/CodeIgniter.php(494): CodeIgniter\CodeIgniter->runController(Object(App\Controllers\Estudiante))
 3 SYSTEMPATH/CodeIgniter.php(353): CodeIgniter\CodeIgniter->handleRequest(null, Object(Config\Cache), false)
 4 FCPATH/index.php(79): CodeIgniter\CodeIgniter->run()
 5 SYSTEMPATH/Commands/Server/rewrite.php(47): require_once('/Users/reusrs/Documents/AvProyecto/public/index.php')
CRITICAL - 2023-11-16 18:12:37 --> Call to a member function findAll() on null
in APPPATH/Controllers/Estudiante.php on line 37.
 1 SYSTEMPATH/CodeIgniter.php(919): App\Controllers\Estudiante->agregar()
 2 SYSTEMPATH/CodeIgniter.php(494): CodeIgniter\CodeIgniter->runController(Object(App\Controllers\Estudiante))
 3 SYSTEMPATH/CodeIgniter.php(353): CodeIgniter\CodeIgniter->handleRequest(null, Object(Config\Cache), false)
 4 FCPATH/index.php(79): CodeIgniter\CodeIgniter->run()
 5 SYSTEMPATH/Commands/Server/rewrite.php(47): require_once('/Users/reusrs/Documents/AvProyecto/public/index.php')
INFO - 2023-11-16 18:17:23 --> Session: Class initialized using 'CodeIgniter\Session\Handlers\FileHandler' driver.
ERROR - 2023-11-16 18:18:32 --> mysqli_sql_exception: Unknown column 'Estudiante.id' in 'where clause' in /Users/reusrs/Documents/AvProyecto/system/Database/MySQLi/Connection.php:306
Stack trace:
#0 /Users/reusrs/Documents/AvProyecto/system/Database/MySQLi/Connection.php(306): mysqli->query('SELECT *\nFROM `...', 0)
#1 /Users/reusrs/Documents/AvProyecto/system/Database/BaseConnection.php(692): CodeIgniter\Database\MySQLi\Connection->execute('SELECT *\nFROM `...')
#2 /Users/reusrs/Documents/AvProyecto/system/Database/BaseConnection.php(606): CodeIgniter\Database\BaseConnection->simpleQuery('SELECT *\nFROM `...')
#3 /Users/reusrs/Documents/AvProyecto/system/Database/BaseBuilder.php(1615): CodeIgniter\Database\BaseConnection->query('SELECT *\nFROM `...', Array, false)
#4 /Users/reusrs/Documents/AvProyecto/system/Model.php(196): CodeIgniter\Database\BaseBuilder->get()
#5 /Users/reusrs/Documents/AvProyecto/system/BaseModel.php(563): CodeIgniter\Model->doFind(true, '1')
#6 /Users/reusrs/Documents/AvProyecto/app/Controllers/Estudiante.php(84): CodeIgniter\BaseModel->find('1')
#7 /Users/reusrs/Documents/AvProyecto/system/CodeIgniter.php(919): App\Controllers\Estudiante->editar('1')
#8 /Users/reusrs/Documents/AvProyecto/system/CodeIgniter.php(494): CodeIgniter\CodeIgniter->runController(Object(App\Controllers\Estudiante))
#9 /Users/reusrs/Documents/AvProyecto/system/CodeIgniter.php(353): CodeIgniter\CodeIgniter->handleRequest(NULL, Object(Config\Cache), false)
#10 /Users/reusrs/Documents/AvProyecto/public/index.php(79): CodeIgniter\CodeIgniter->run()
#11 /Users/reusrs/Documents/AvProyecto/system/Commands/Server/rewrite.php(47): require_once('/Users/reusrs/D...')
#12 {main}
CRITICAL - 2023-11-16 18:18:32 --> Unknown column 'Estudiante.id' in 'where clause'
in SYSTEMPATH/Database/BaseConnection.php on line 646.
 1 SYSTEMPATH/Database/BaseBuilder.php(1615): CodeIgniter\Database\BaseConnection->query('SELECT *
FROM `Estudiante`
WHERE `Estudiante`.`deleted_at` IS NULL
AND `Estudiante`.`id` = :Estudiante.id:', [...], false)
 2 SYSTEMPATH/Model.php(196): CodeIgniter\Database\BaseBuilder->get()
 3 SYSTEMPATH/BaseModel.php(563): CodeIgniter\Model->doFind(true, '1')
 4 APPPATH/Controllers/Estudiante.php(84): CodeIgniter\BaseModel->find('1')
 5 SYSTEMPATH/CodeIgniter.php(919): App\Controllers\Estudiante->editar('1')
 6 SYSTEMPATH/CodeIgniter.php(494): CodeIgniter\CodeIgniter->runController(Object(App\Controllers\Estudiante))
 7 SYSTEMPATH/CodeIgniter.php(353): CodeIgniter\CodeIgniter->handleRequest(null, Object(Config\Cache), false)
 8 FCPATH/index.php(79): CodeIgniter\CodeIgniter->run()
 9 SYSTEMPATH/Commands/Server/rewrite.php(47): require_once('/Users/reusrs/Documents/AvProyecto/public/index.php')
CRITICAL - 2023-11-16 18:18:54 --> Deletes are not allowed unless they contain a "where" or "like" clause.
in SYSTEMPATH/Model.php on line 429.
 1 SYSTEMPATH/BaseModel.php(1080): CodeIgniter\Model->doDelete('0', false)
 2 APPPATH/Controllers/Estudiante.php(78): CodeIgniter\BaseModel->delete('0')
 3 SYSTEMPATH/CodeIgniter.php(919): App\Controllers\Estudiante->delete('0')
 4 SYSTEMPATH/CodeIgniter.php(494): CodeIgniter\CodeIgniter->runController(Object(App\Controllers\Estudiante))
 5 SYSTEMPATH/CodeIgniter.php(353): CodeIgniter\CodeIgniter->handleRequest(null, Object(Config\Cache), false)
 6 FCPATH/index.php(79): CodeIgniter\CodeIgniter->run()
 7 SYSTEMPATH/Commands/Server/rewrite.php(47): require_once('/Users/reusrs/Documents/AvProyecto/public/index.php')
ERROR - 2023-11-16 18:20:17 --> mysqli_sql_exception: Unknown column 'Estudiante.id' in 'where clause' in /Users/reusrs/Documents/AvProyecto/system/Database/MySQLi/Connection.php:306
Stack trace:
#0 /Users/reusrs/Documents/AvProyecto/system/Database/MySQLi/Connection.php(306): mysqli->query('SELECT *\nFROM `...', 0)
#1 /Users/reusrs/Documents/AvProyecto/system/Database/BaseConnection.php(692): CodeIgniter\Database\MySQLi\Connection->execute('SELECT *\nFROM `...')
#2 /Users/reusrs/Documents/AvProyecto/system/Database/BaseConnection.php(606): CodeIgniter\Database\BaseConnection->simpleQuery('SELECT *\nFROM `...')
#3 /Users/reusrs/Documents/AvProyecto/system/Database/BaseBuilder.php(1615): CodeIgniter\Database\BaseConnection->query('SELECT *\nFROM `...', Array, false)
#4 /Users/reusrs/Documents/AvProyecto/system/Model.php(196): CodeIgniter\Database\BaseBuilder->get()
#5 /Users/reusrs/Documents/AvProyecto/system/BaseModel.php(563): CodeIgniter\Model->doFind(true, '0')
#6 /Users/reusrs/Documents/AvProyecto/app/Controllers/Estudiante.php(84): CodeIgniter\BaseModel->find('0')
#7 /Users/reusrs/Documents/AvProyecto/system/CodeIgniter.php(919): App\Controllers\Estudiante->editar('0')
#8 /Users/reusrs/Documents/AvProyecto/system/CodeIgniter.php(494): CodeIgniter\CodeIgniter->runController(Object(App\Controllers\Estudiante))
#9 /Users/reusrs/Documents/AvProyecto/system/CodeIgniter.php(353): CodeIgniter\CodeIgniter->handleRequest(NULL, Object(Config\Cache), false)
#10 /Users/reusrs/Documents/AvProyecto/public/index.php(79): CodeIgniter\CodeIgniter->run()
#11 /Users/reusrs/Documents/AvProyecto/system/Commands/Server/rewrite.php(47): require_once('/Users/reusrs/D...')
#12 {main}
CRITICAL - 2023-11-16 18:20:17 --> Unknown column 'Estudiante.id' in 'where clause'
in SYSTEMPATH/Database/BaseConnection.php on line 646.
 1 SYSTEMPATH/Database/BaseBuilder.php(1615): CodeIgniter\Database\BaseConnection->query('SELECT *
FROM `Estudiante`
WHERE `Estudiante`.`deleted_at` IS NULL
AND `Estudiante`.`id` = :Estudiante.id:', [...], false)
 2 SYSTEMPATH/Model.php(196): CodeIgniter\Database\BaseBuilder->get()
 3 SYSTEMPATH/BaseModel.php(563): CodeIgniter\Model->doFind(true, '0')
 4 APPPATH/Controllers/Estudiante.php(84): CodeIgniter\BaseModel->find('0')
 5 SYSTEMPATH/CodeIgniter.php(919): App\Controllers\Estudiante->editar('0')
 6 SYSTEMPATH/CodeIgniter.php(494): CodeIgniter\CodeIgniter->runController(Object(App\Controllers\Estudiante))
 7 SYSTEMPATH/CodeIgniter.php(353): CodeIgniter\CodeIgniter->handleRequest(null, Object(Config\Cache), false)
 8 FCPATH/index.php(79): CodeIgniter\CodeIgniter->run()
 9 SYSTEMPATH/Commands/Server/rewrite.php(47): require_once('/Users/reusrs/Documents/AvProyecto/public/index.php')
INFO - 2023-11-16 18:21:20 --> Session: Class initialized using 'CodeIgniter\Session\Handlers\FileHandler' driver.
CRITICAL - 2023-11-16 18:21:21 --> Undefined property: stdClass::$id
in APPPATH/Views/estudiante/editar.php on line 9.
 1 APPPATH/Views/estudiante/editar.php(9): CodeIgniter\Debug\Exceptions->errorHandler(2, 'Undefined property: stdClass::$id', '/Users/reusrs/Documents/AvProyecto/app/Views/estudiante/editar.php', 9)
 2 SYSTEMPATH/View/View.php(226): include('/Users/reusrs/Documents/AvProyecto/app/Views/estudiante/editar.php')
 3 SYSTEMPATH/View/View.php(229): CodeIgniter\View\View->CodeIgniter\View\{closure}()
 4 SYSTEMPATH/Common.php(1188): CodeIgniter\View\View->render('estudiante/editar', [], true)
 5 APPPATH/Controllers/Estudiante.php(89): view('estudiante/editar', [...])
 6 SYSTEMPATH/CodeIgniter.php(919): App\Controllers\Estudiante->editar('0')
 7 SYSTEMPATH/CodeIgniter.php(494): CodeIgniter\CodeIgniter->runController(Object(App\Controllers\Estudiante))
 8 SYSTEMPATH/CodeIgniter.php(353): CodeIgniter\CodeIgniter->handleRequest(null, Object(Config\Cache), false)
 9 FCPATH/index.php(79): CodeIgniter\CodeIgniter->run()
10 SYSTEMPATH/Commands/Server/rewrite.php(47): require_once('/Users/reusrs/Documents/AvProyecto/public/index.php')
INFO - 2023-11-16 18:22:40 --> Session: Class initialized using 'CodeIgniter\Session\Handlers\FileHandler' driver.
CRITICAL - 2023-11-16 18:22:42 --> Deletes are not allowed unless they contain a "where" or "like" clause.
in SYSTEMPATH/Model.php on line 429.
 1 SYSTEMPATH/BaseModel.php(1080): CodeIgniter\Model->doDelete('0', false)
 2 APPPATH/Controllers/Estudiante.php(78): CodeIgniter\BaseModel->delete('0')
 3 SYSTEMPATH/CodeIgniter.php(919): App\Controllers\Estudiante->delete('0')
 4 SYSTEMPATH/CodeIgniter.php(494): CodeIgniter\CodeIgniter->runController(Object(App\Controllers\Estudiante))
 5 SYSTEMPATH/CodeIgniter.php(353): CodeIgniter\CodeIgniter->handleRequest(null, Object(Config\Cache), false)
 6 FCPATH/index.php(79): CodeIgniter\CodeIgniter->run()
 7 SYSTEMPATH/Commands/Server/rewrite.php(47): require_once('/Users/reusrs/Documents/AvProyecto/public/index.php')
CRITICAL - 2023-11-16 18:23:35 --> Deletes are not allowed unless they contain a "where" or "like" clause.
in SYSTEMPATH/Model.php on line 429.
 1 SYSTEMPATH/BaseModel.php(1080): CodeIgniter\Model->doDelete('0', false)
 2 APPPATH/Controllers/Estudiante.php(78): CodeIgniter\BaseModel->delete('0')
 3 SYSTEMPATH/CodeIgniter.php(919): App\Controllers\Estudiante->delete('0')
 4 SYSTEMPATH/CodeIgniter.php(494): CodeIgniter\CodeIgniter->runController(Object(App\Controllers\Estudiante))
 5 SYSTEMPATH/CodeIgniter.php(353): CodeIgniter\CodeIgniter->handleRequest(null, Object(Config\Cache), false)
 6 FCPATH/index.php(79): CodeIgniter\CodeIgniter->run()
 7 SYSTEMPATH/Commands/Server/rewrite.php(47): require_once('/Users/reusrs/Documents/AvProyecto/public/index.php')
CRITICAL - 2023-11-16 18:23:51 --> Deletes are not allowed unless they contain a "where" or "like" clause.
in SYSTEMPATH/Model.php on line 429.
 1 SYSTEMPATH/BaseModel.php(1080): CodeIgniter\Model->doDelete('0', false)
 2 APPPATH/Controllers/Estudiante.php(78): CodeIgniter\BaseModel->delete('0')
 3 SYSTEMPATH/CodeIgniter.php(919): App\Controllers\Estudiante->delete('0')
 4 SYSTEMPATH/CodeIgniter.php(494): CodeIgniter\CodeIgniter->runController(Object(App\Controllers\Estudiante))
 5 SYSTEMPATH/CodeIgniter.php(353): CodeIgniter\CodeIgniter->handleRequest(null, Object(Config\Cache), false)
 6 FCPATH/index.php(79): CodeIgniter\CodeIgniter->run()
 7 SYSTEMPATH/Commands/Server/rewrite.php(47): require_once('/Users/reusrs/Documents/AvProyecto/public/index.php')
CRITICAL - 2023-11-16 18:25:48 --> Deletes are not allowed unless they contain a "where" or "like" clause.
in SYSTEMPATH/Model.php on line 429.
 1 SYSTEMPATH/BaseModel.php(1080): CodeIgniter\Model->doDelete(null, false)
 2 APPPATH/Controllers/Estudiante.php(78): CodeIgniter\BaseModel->delete()
 3 SYSTEMPATH/CodeIgniter.php(919): App\Controllers\Estudiante->delete('0')
 4 SYSTEMPATH/CodeIgniter.php(494): CodeIgniter\CodeIgniter->runController(Object(App\Controllers\Estudiante))
 5 SYSTEMPATH/CodeIgniter.php(353): CodeIgniter\CodeIgniter->handleRequest(null, Object(Config\Cache), false)
 6 FCPATH/index.php(79): CodeIgniter\CodeIgniter->run()
 7 SYSTEMPATH/Commands/Server/rewrite.php(47): require_once('/Users/reusrs/Documents/AvProyecto/public/index.php')
INFO - 2023-11-16 18:25:57 --> Session: Class initialized using 'CodeIgniter\Session\Handlers\FileHandler' driver.
CRITICAL - 2023-11-16 18:26:01 --> Deletes are not allowed unless they contain a "where" or "like" clause.
in SYSTEMPATH/Model.php on line 429.
 1 SYSTEMPATH/BaseModel.php(1080): CodeIgniter\Model->doDelete(null, false)
 2 APPPATH/Controllers/Estudiante.php(78): CodeIgniter\BaseModel->delete()
 3 SYSTEMPATH/CodeIgniter.php(919): App\Controllers\Estudiante->delete('4')
 4 SYSTEMPATH/CodeIgniter.php(494): CodeIgniter\CodeIgniter->runController(Object(App\Controllers\Estudiante))
 5 SYSTEMPATH/CodeIgniter.php(353): CodeIgniter\CodeIgniter->handleRequest(null, Object(Config\Cache), false)
 6 FCPATH/index.php(79): CodeIgniter\CodeIgniter->run()
 7 SYSTEMPATH/Commands/Server/rewrite.php(47): require_once('/Users/reusrs/Documents/AvProyecto/public/index.php')
CRITICAL - 2023-11-16 18:29:34 --> Deletes are not allowed unless they contain a "where" or "like" clause.
in SYSTEMPATH/Model.php on line 429.
 1 SYSTEMPATH/BaseModel.php(1080): CodeIgniter\Model->doDelete(null, false)
 2 APPPATH/Controllers/Estudiante.php(78): CodeIgniter\BaseModel->delete()
 3 SYSTEMPATH/CodeIgniter.php(919): App\Controllers\Estudiante->delete('4')
 4 SYSTEMPATH/CodeIgniter.php(494): CodeIgniter\CodeIgniter->runController(Object(App\Controllers\Estudiante))
 5 SYSTEMPATH/CodeIgniter.php(353): CodeIgniter\CodeIgniter->handleRequest(null, Object(Config\Cache), false)
 6 FCPATH/index.php(79): CodeIgniter\CodeIgniter->run()
 7 SYSTEMPATH/Commands/Server/rewrite.php(47): require_once('/Users/reusrs/Documents/AvProyecto/public/index.php')
INFO - 2023-11-16 18:30:10 --> Session: Class initialized using 'CodeIgniter\Session\Handlers\FileHandler' driver.
INFO - 2023-11-16 18:30:13 --> Session: Class initialized using 'CodeIgniter\Session\Handlers\FileHandler' driver.
INFO - 2023-11-16 18:33:34 --> Session: Class initialized using 'CodeIgniter\Session\Handlers\FileHandler' driver.
INFO - 2023-11-16 18:33:48 --> Session: Class initialized using 'CodeIgniter\Session\Handlers\FileHandler' driver.
INFO - 2023-11-16 18:33:54 --> Session: Class initialized using 'CodeIgniter\Session\Handlers\FileHandler' driver.
INFO - 2023-11-16 18:34:19 --> Session: Class initialized using 'CodeIgniter\Session\Handlers\FileHandler' driver.
INFO - 2023-11-16 18:34:46 --> Session: Class initialized using 'CodeIgniter\Session\Handlers\FileHandler' driver.
INFO - 2023-11-16 18:34:48 --> Session: Class initialized using 'CodeIgniter\Session\Handlers\FileHandler' driver.
INFO - 2023-11-16 18:34:50 --> Session: Class initialized using 'CodeIgniter\Session\Handlers\FileHandler' driver.
ERROR - 2023-11-16 18:36:01 --> mysqli_sql_exception: Duplicate entry '0' for key 'estudiante.PRIMARY' in /Users/reusrs/Documents/AvProyecto/system/Database/MySQLi/Connection.php:306
Stack trace:
#0 /Users/reusrs/Documents/AvProyecto/system/Database/MySQLi/Connection.php(306): mysqli->query('INSERT INTO `Es...', 0)
#1 /Users/reusrs/Documents/AvProyecto/system/Database/BaseConnection.php(692): CodeIgniter\Database\MySQLi\Connection->execute('INSERT INTO `Es...')
#2 /Users/reusrs/Documents/AvProyecto/system/Database/BaseConnection.php(606): CodeIgniter\Database\BaseConnection->simpleQuery('INSERT INTO `Es...')
#3 /Users/reusrs/Documents/AvProyecto/system/Database/BaseBuilder.php(2308): CodeIgniter\Database\BaseConnection->query('INSERT INTO `Es...', Array, false)
#4 /Users/reusrs/Documents/AvProyecto/system/Model.php(319): CodeIgniter\Database\BaseBuilder->insert()
#5 /Users/reusrs/Documents/AvProyecto/system/BaseModel.php(788): CodeIgniter\Model->doInsert(Array)
#6 /Users/reusrs/Documents/AvProyecto/system/Model.php(715): CodeIgniter\BaseModel->insert(Array, false)
#7 /Users/reusrs/Documents/AvProyecto/app/Controllers/Estudiante.php(72): CodeIgniter\Model->insert(Array, false)
#8 /Users/reusrs/Documents/AvProyecto/system/CodeIgniter.php(919): App\Controllers\Estudiante->insert()
#9 /Users/reusrs/Documents/AvProyecto/system/CodeIgniter.php(494): CodeIgniter\CodeIgniter->runController(Object(App\Controllers\Estudiante))
#10 /Users/reusrs/Documents/AvProyecto/system/CodeIgniter.php(353): CodeIgniter\CodeIgniter->handleRequest(NULL, Object(Config\Cache), false)
#11 /Users/reusrs/Documents/AvProyecto/public/index.php(79): CodeIgniter\CodeIgniter->run()
#12 /Users/reusrs/Documents/AvProyecto/system/Commands/Server/rewrite.php(47): require_once('/Users/reusrs/D...')
#13 {main}
CRITICAL - 2023-11-16 18:36:01 --> Duplicate entry '0' for key 'estudiante.PRIMARY'
in SYSTEMPATH/Database/BaseConnection.php on line 646.
 1 SYSTEMPATH/Database/BaseBuilder.php(2308): CodeIgniter\Database\BaseConnection->query('INSERT INTO `Estudiante` (`nombre`, `fechaNacimiento`, `direccion`, `idGrado`, `idGrupo`) VALUES (:nombre:, :fechaNacimiento:, :direccion:, :idGrado:, :idGrupo:)', [...], false)
 2 SYSTEMPATH/Model.php(319): CodeIgniter\Database\BaseBuilder->insert()
 3 SYSTEMPATH/BaseModel.php(788): CodeIgniter\Model->doInsert([...])
 4 SYSTEMPATH/Model.php(715): CodeIgniter\BaseModel->insert([...], false)
 5 APPPATH/Controllers/Estudiante.php(72): CodeIgniter\Model->insert([...], false)
 6 SYSTEMPATH/CodeIgniter.php(919): App\Controllers\Estudiante->insert()
 7 SYSTEMPATH/CodeIgniter.php(494): CodeIgniter\CodeIgniter->runController(Object(App\Controllers\Estudiante))
 8 SYSTEMPATH/CodeIgniter.php(353): CodeIgniter\CodeIgniter->handleRequest(null, Object(Config\Cache), false)
 9 FCPATH/index.php(79): CodeIgniter\CodeIgniter->run()
10 SYSTEMPATH/Commands/Server/rewrite.php(47): require_once('/Users/reusrs/Documents/AvProyecto/public/index.php')
ERROR - 2023-11-16 18:41:34 --> mysqli_sql_exception: Unknown column 'idGrado' in 'field list' in /Users/reusrs/Documents/AvProyecto/system/Database/MySQLi/Connection.php:306
Stack trace:
#0 /Users/reusrs/Documents/AvProyecto/system/Database/MySQLi/Connection.php(306): mysqli->query('INSERT INTO `Es...', 0)
#1 /Users/reusrs/Documents/AvProyecto/system/Database/BaseConnection.php(692): CodeIgniter\Database\MySQLi\Connection->execute('INSERT INTO `Es...')
#2 /Users/reusrs/Documents/AvProyecto/system/Database/BaseConnection.php(606): CodeIgniter\Database\BaseConnection->simpleQuery('INSERT INTO `Es...')
#3 /Users/reusrs/Documents/AvProyecto/system/Database/BaseBuilder.php(2308): CodeIgniter\Database\BaseConnection->query('INSERT INTO `Es...', Array, false)
#4 /Users/reusrs/Documents/AvProyecto/system/Model.php(319): CodeIgniter\Database\BaseBuilder->insert()
#5 /Users/reusrs/Documents/AvProyecto/system/BaseModel.php(788): CodeIgniter\Model->doInsert(Array)
#6 /Users/reusrs/Documents/AvProyecto/system/Model.php(715): CodeIgniter\BaseModel->insert(Array, false)
#7 /Users/reusrs/Documents/AvProyecto/app/Controllers/Estudiante.php(72): CodeIgniter\Model->insert(Array, false)
#8 /Users/reusrs/Documents/AvProyecto/system/CodeIgniter.php(919): App\Controllers\Estudiante->insert()
#9 /Users/reusrs/Documents/AvProyecto/system/CodeIgniter.php(494): CodeIgniter\CodeIgniter->runController(Object(App\Controllers\Estudiante))
#10 /Users/reusrs/Documents/AvProyecto/system/CodeIgniter.php(353): CodeIgniter\CodeIgniter->handleRequest(NULL, Object(Config\Cache), false)
#11 /Users/reusrs/Documents/AvProyecto/public/index.php(79): CodeIgniter\CodeIgniter->run()
#12 /Users/reusrs/Documents/AvProyecto/system/Commands/Server/rewrite.php(47): require_once('/Users/reusrs/D...')
#13 {main}
CRITICAL - 2023-11-16 18:41:34 --> Unknown column 'idGrado' in 'field list'
in SYSTEMPATH/Database/BaseConnection.php on line 646.
 1 SYSTEMPATH/Database/BaseBuilder.php(2308): CodeIgniter\Database\BaseConnection->query('INSERT INTO `Estudiante` (`nombre`, `fechaNacimiento`, `direccion`, `idGrado`, `idGrupo`) VALUES (:nombre:, :fechaNacimiento:, :direccion:, :idGrado:, :idGrupo:)', [...], false)
 2 SYSTEMPATH/Model.php(319): CodeIgniter\Database\BaseBuilder->insert()
 3 SYSTEMPATH/BaseModel.php(788): CodeIgniter\Model->doInsert([...])
 4 SYSTEMPATH/Model.php(715): CodeIgniter\BaseModel->insert([...], false)
 5 APPPATH/Controllers/Estudiante.php(72): CodeIgniter\Model->insert([...], false)
 6 SYSTEMPATH/CodeIgniter.php(919): App\Controllers\Estudiante->insert()
 7 SYSTEMPATH/CodeIgniter.php(494): CodeIgniter\CodeIgniter->runController(Object(App\Controllers\Estudiante))
 8 SYSTEMPATH/CodeIgniter.php(353): CodeIgniter\CodeIgniter->handleRequest(null, Object(Config\Cache), false)
 9 FCPATH/index.php(79): CodeIgniter\CodeIgniter->run()
10 SYSTEMPATH/Commands/Server/rewrite.php(47): require_once('/Users/reusrs/Documents/AvProyecto/public/index.php')
ERROR - 2023-11-16 18:41:36 --> mysqli_sql_exception: Table 'proyecto.grados' doesn't exist in /Users/reusrs/Documents/AvProyecto/system/Database/MySQLi/Connection.php:306
Stack trace:
#0 /Users/reusrs/Documents/AvProyecto/system/Database/MySQLi/Connection.php(306): mysqli->query('SELECT *\nFROM `...', 0)
#1 /Users/reusrs/Documents/AvProyecto/system/Database/BaseConnection.php(692): CodeIgniter\Database\MySQLi\Connection->execute('SELECT *\nFROM `...')
#2 /Users/reusrs/Documents/AvProyecto/system/Database/BaseConnection.php(606): CodeIgniter\Database\BaseConnection->simpleQuery('SELECT *\nFROM `...')
#3 /Users/reusrs/Documents/AvProyecto/system/Database/BaseBuilder.php(1615): CodeIgniter\Database\BaseConnection->query('SELECT *\nFROM `...', Array, false)
#4 /Users/reusrs/Documents/AvProyecto/system/Model.php(237): CodeIgniter\Database\BaseBuilder->get()
#5 /Users/reusrs/Documents/AvProyecto/system/BaseModel.php(624): CodeIgniter\Model->doFindAll(0, 0)
#6 /Users/reusrs/Documents/AvProyecto/app/Controllers/Estudiante.php(37): CodeIgniter\BaseModel->findAll()
#7 /Users/reusrs/Documents/AvProyecto/system/CodeIgniter.php(919): App\Controllers\Estudiante->agregar()
#8 /Users/reusrs/Documents/AvProyecto/system/CodeIgniter.php(494): CodeIgniter\CodeIgniter->runController(Object(App\Controllers\Estudiante))
#9 /Users/reusrs/Documents/AvProyecto/system/CodeIgniter.php(353): CodeIgniter\CodeIgniter->handleRequest(NULL, Object(Config\Cache), false)
#10 /Users/reusrs/Documents/AvProyecto/public/index.php(79): CodeIgniter\CodeIgniter->run()
#11 /Users/reusrs/Documents/AvProyecto/system/Commands/Server/rewrite.php(47): require_once('/Users/reusrs/D...')
#12 {main}
CRITICAL - 2023-11-16 18:41:36 --> Table 'proyecto.grados' doesn't exist
in SYSTEMPATH/Database/BaseConnection.php on line 646.
 1 SYSTEMPATH/Database/BaseBuilder.php(1615): CodeIgniter\Database\BaseConnection->query('SELECT *
FROM `Grados`', [], false)
 2 SYSTEMPATH/Model.php(237): CodeIgniter\Database\BaseBuilder->get()
 3 SYSTEMPATH/BaseModel.php(624): CodeIgniter\Model->doFindAll(0, 0)
 4 APPPATH/Controllers/Estudiante.php(37): CodeIgniter\BaseModel->findAll()
 5 SYSTEMPATH/CodeIgniter.php(919): App\Controllers\Estudiante->agregar()
 6 SYSTEMPATH/CodeIgniter.php(494): CodeIgniter\CodeIgniter->runController(Object(App\Controllers\Estudiante))
 7 SYSTEMPATH/CodeIgniter.php(353): CodeIgniter\CodeIgniter->handleRequest(null, Object(Config\Cache), false)
 8 FCPATH/index.php(79): CodeIgniter\CodeIgniter->run()
 9 SYSTEMPATH/Commands/Server/rewrite.php(47): require_once('/Users/reusrs/Documents/AvProyecto/public/index.php')
INFO - 2023-11-16 18:41:37 --> Session: Class initialized using 'CodeIgniter\Session\Handlers\FileHandler' driver.
INFO - 2023-11-16 18:41:41 --> Session: Class initialized using 'CodeIgniter\Session\Handlers\FileHandler' driver.
INFO - 2023-11-16 18:41:54 --> Session: Class initialized using 'CodeIgniter\Session\Handlers\FileHandler' driver.
ERROR - 2023-11-16 18:41:59 --> mysqli_sql_exception: Table 'proyecto.grados' doesn't exist in /Users/reusrs/Documents/AvProyecto/system/Database/MySQLi/Connection.php:306
Stack trace:
#0 /Users/reusrs/Documents/AvProyecto/system/Database/MySQLi/Connection.php(306): mysqli->query('SELECT *\nFROM `...', 0)
#1 /Users/reusrs/Documents/AvProyecto/system/Database/BaseConnection.php(692): CodeIgniter\Database\MySQLi\Connection->execute('SELECT *\nFROM `...')
#2 /Users/reusrs/Documents/AvProyecto/system/Database/BaseConnection.php(606): CodeIgniter\Database\BaseConnection->simpleQuery('SELECT *\nFROM `...')
#3 /Users/reusrs/Documents/AvProyecto/system/Database/BaseBuilder.php(1615): CodeIgniter\Database\BaseConnection->query('SELECT *\nFROM `...', Array, false)
#4 /Users/reusrs/Documents/AvProyecto/system/Model.php(237): CodeIgniter\Database\BaseBuilder->get()
#5 /Users/reusrs/Documents/AvProyecto/system/BaseModel.php(624): CodeIgniter\Model->doFindAll(0, 0)
#6 /Users/reusrs/Documents/AvProyecto/app/Controllers/Estudiante.php(37): CodeIgniter\BaseModel->findAll()
#7 /Users/reusrs/Documents/AvProyecto/system/CodeIgniter.php(919): App\Controllers\Estudiante->agregar()
#8 /Users/reusrs/Documents/AvProyecto/system/CodeIgniter.php(494): CodeIgniter\CodeIgniter->runController(Object(App\Controllers\Estudiante))
#9 /Users/reusrs/Documents/AvProyecto/system/CodeIgniter.php(353): CodeIgniter\CodeIgniter->handleRequest(NULL, Object(Config\Cache), false)
#10 /Users/reusrs/Documents/AvProyecto/public/index.php(79): CodeIgniter\CodeIgniter->run()
#11 /Users/reusrs/Documents/AvProyecto/system/Commands/Server/rewrite.php(47): require_once('/Users/reusrs/D...')
#12 {main}
CRITICAL - 2023-11-16 18:41:59 --> Table 'proyecto.grados' doesn't exist
in SYSTEMPATH/Database/BaseConnection.php on line 646.
 1 SYSTEMPATH/Database/BaseBuilder.php(1615): CodeIgniter\Database\BaseConnection->query('SELECT *
FROM `Grados`', [], false)
 2 SYSTEMPATH/Model.php(237): CodeIgniter\Database\BaseBuilder->get()
 3 SYSTEMPATH/BaseModel.php(624): CodeIgniter\Model->doFindAll(0, 0)
 4 APPPATH/Controllers/Estudiante.php(37): CodeIgniter\BaseModel->findAll()
 5 SYSTEMPATH/CodeIgniter.php(919): App\Controllers\Estudiante->agregar()
 6 SYSTEMPATH/CodeIgniter.php(494): CodeIgniter\CodeIgniter->runController(Object(App\Controllers\Estudiante))
 7 SYSTEMPATH/CodeIgniter.php(353): CodeIgniter\CodeIgniter->handleRequest(null, Object(Config\Cache), false)
 8 FCPATH/index.php(79): CodeIgniter\CodeIgniter->run()
 9 SYSTEMPATH/Commands/Server/rewrite.php(47): require_once('/Users/reusrs/Documents/AvProyecto/public/index.php')
ERROR - 2023-11-16 18:42:16 --> mysqli_sql_exception: Table 'proyecto.grados' doesn't exist in /Users/reusrs/Documents/AvProyecto/system/Database/MySQLi/Connection.php:306
Stack trace:
#0 /Users/reusrs/Documents/AvProyecto/system/Database/MySQLi/Connection.php(306): mysqli->query('SELECT *\nFROM `...', 0)
#1 /Users/reusrs/Documents/AvProyecto/system/Database/BaseConnection.php(692): CodeIgniter\Database\MySQLi\Connection->execute('SELECT *\nFROM `...')
#2 /Users/reusrs/Documents/AvProyecto/system/Database/BaseConnection.php(606): CodeIgniter\Database\BaseConnection->simpleQuery('SELECT *\nFROM `...')
#3 /Users/reusrs/Documents/AvProyecto/system/Database/BaseBuilder.php(1615): CodeIgniter\Database\BaseConnection->query('SELECT *\nFROM `...', Array, false)
#4 /Users/reusrs/Documents/AvProyecto/system/Model.php(237): CodeIgniter\Database\BaseBuilder->get()
#5 /Users/reusrs/Documents/AvProyecto/system/BaseModel.php(624): CodeIgniter\Model->doFindAll(0, 0)
#6 /Users/reusrs/Documents/AvProyecto/app/Controllers/Estudiante.php(37): CodeIgniter\BaseModel->findAll()
#7 /Users/reusrs/Documents/AvProyecto/system/CodeIgniter.php(919): App\Controllers\Estudiante->agregar()
#8 /Users/reusrs/Documents/AvProyecto/system/CodeIgniter.php(494): CodeIgniter\CodeIgniter->runController(Object(App\Controllers\Estudiante))
#9 /Users/reusrs/Documents/AvProyecto/system/CodeIgniter.php(353): CodeIgniter\CodeIgniter->handleRequest(NULL, Object(Config\Cache), false)
#10 /Users/reusrs/Documents/AvProyecto/public/index.php(79): CodeIgniter\CodeIgniter->run()
#11 /Users/reusrs/Documents/AvProyecto/system/Commands/Server/rewrite.php(47): require_once('/Users/reusrs/D...')
#12 {main}
CRITICAL - 2023-11-16 18:42:16 --> Table 'proyecto.grados' doesn't exist
in SYSTEMPATH/Database/BaseConnection.php on line 646.
 1 SYSTEMPATH/Database/BaseBuilder.php(1615): CodeIgniter\Database\BaseConnection->query('SELECT *
FROM `Grados`', [], false)
 2 SYSTEMPATH/Model.php(237): CodeIgniter\Database\BaseBuilder->get()
 3 SYSTEMPATH/BaseModel.php(624): CodeIgniter\Model->doFindAll(0, 0)
 4 APPPATH/Controllers/Estudiante.php(37): CodeIgniter\BaseModel->findAll()
 5 SYSTEMPATH/CodeIgniter.php(919): App\Controllers\Estudiante->agregar()
 6 SYSTEMPATH/CodeIgniter.php(494): CodeIgniter\CodeIgniter->runController(Object(App\Controllers\Estudiante))
 7 SYSTEMPATH/CodeIgniter.php(353): CodeIgniter\CodeIgniter->handleRequest(null, Object(Config\Cache), false)
 8 FCPATH/index.php(79): CodeIgniter\CodeIgniter->run()
 9 SYSTEMPATH/Commands/Server/rewrite.php(47): require_once('/Users/reusrs/Documents/AvProyecto/public/index.php')
INFO - 2023-11-16 18:42:19 --> Session: Class initialized using 'CodeIgniter\Session\Handlers\FileHandler' driver.
