ERROR - 2023-11-27 17:05:02 --> mysqli_sql_exception: Table 'proyecto.usuarios' doesn't exist in /Users/reusrs/Documents/AvProyecto/system/Database/MySQLi/Connection.php:306
Stack trace:
#0 /Users/reusrs/Documents/AvProyecto/system/Database/MySQLi/Connection.php(306): mysqli->query('SELECT *\nFROM `...', 0)
#1 /Users/reusrs/Documents/AvProyecto/system/Database/BaseConnection.php(692): CodeIgniter\Database\MySQLi\Connection->execute('SELECT *\nFROM `...')
#2 /Users/reusrs/Documents/AvProyecto/system/Database/BaseConnection.php(606): CodeIgniter\Database\BaseConnection->simpleQuery('SELECT *\nFROM `...')
#3 /Users/reusrs/Documents/AvProyecto/system/Database/BaseBuilder.php(1615): CodeIgniter\Database\BaseConnection->query('SELECT *\nFROM `...', Array, false)
#4 /Users/reusrs/Documents/AvProyecto/system/Model.php(237): CodeIgniter\Database\BaseBuilder->get()
#5 /Users/reusrs/Documents/AvProyecto/system/BaseModel.php(624): CodeIgniter\Model->doFindAll(0, 0)
#6 /Users/reusrs/Documents/AvProyecto/app/Controllers/UserController.php(36): CodeIgniter\BaseModel->findAll()
#7 /Users/reusrs/Documents/AvProyecto/system/CodeIgniter.php(919): App\Controllers\UserController->index()
#8 /Users/reusrs/Documents/AvProyecto/system/CodeIgniter.php(494): CodeIgniter\CodeIgniter->runController(Object(App\Controllers\UserController))
#9 /Users/reusrs/Documents/AvProyecto/system/CodeIgniter.php(353): CodeIgniter\CodeIgniter->handleRequest(NULL, Object(Config\Cache), false)
#10 /Users/reusrs/Documents/AvProyecto/public/index.php(79): CodeIgniter\CodeIgniter->run()
#11 /Users/reusrs/Documents/AvProyecto/system/Commands/Server/rewrite.php(47): require_once('/Users/reusrs/D...')
#12 {main}
CRITICAL - 2023-11-27 17:05:02 --> Table 'proyecto.usuarios' doesn't exist
in SYSTEMPATH/Database/BaseConnection.php on line 646.
 1 SYSTEMPATH/Database/BaseBuilder.php(1615): CodeIgniter\Database\BaseConnection->query('SELECT *
FROM `Usuarios`
WHERE `email` LIKE :email: ESCAPE \'!\'
AND  `pass` LIKE :pass: ESCAPE \'!\'', [...], false)
 2 SYSTEMPATH/Model.php(237): CodeIgniter\Database\BaseBuilder->get()
 3 SYSTEMPATH/BaseModel.php(624): CodeIgniter\Model->doFindAll(0, 0)
 4 APPPATH/Controllers/UserController.php(36): CodeIgniter\BaseModel->findAll()
 5 SYSTEMPATH/CodeIgniter.php(919): App\Controllers\UserController->index()
 6 SYSTEMPATH/CodeIgniter.php(494): CodeIgniter\CodeIgniter->runController(Object(App\Controllers\UserController))
 7 SYSTEMPATH/CodeIgniter.php(353): CodeIgniter\CodeIgniter->handleRequest(null, Object(Config\Cache), false)
 8 FCPATH/index.php(79): CodeIgniter\CodeIgniter->run()
 9 SYSTEMPATH/Commands/Server/rewrite.php(47): require_once('/Users/reusrs/Documents/AvProyecto/public/index.php')
INFO - 2023-11-27 17:11:29 --> Session: Class initialized using 'CodeIgniter\Session\Handlers\FileHandler' driver.
INFO - 2023-11-27 17:12:01 --> Session: Class initialized using 'CodeIgniter\Session\Handlers\FileHandler' driver.
INFO - 2023-11-27 17:12:08 --> Session: Class initialized using 'CodeIgniter\Session\Handlers\FileHandler' driver.
INFO - 2023-11-27 17:37:17 --> Session: Class initialized using 'CodeIgniter\Session\Handlers\FileHandler' driver.
INFO - 2023-11-27 17:38:21 --> Session: Class initialized using 'CodeIgniter\Session\Handlers\FileHandler' driver.
INFO - 2023-11-27 17:38:30 --> Session: Class initialized using 'CodeIgniter\Session\Handlers\FileHandler' driver.
INFO - 2023-11-27 17:38:56 --> Session: Class initialized using 'CodeIgniter\Session\Handlers\FileHandler' driver.
